2019-09-22 19:41:20.380  INFO 10300 --- [restartedMain] com.sample.demo.DemoApplication          : Starting DemoApplication on DESKTOP-TRRJ5GD with PID 10300 (C:\Users\Dell-pc\Desktop\demo\demo\target\classes started by Dell-pc in C:\Users\Dell-pc\Desktop\demo\demo)
2019-09-22 19:41:20.432 DEBUG 10300 --- [restartedMain] com.sample.demo.DemoApplication          : Running with Spring Boot v2.1.8.RELEASE, Spring v5.1.9.RELEASE
2019-09-22 19:41:20.436  INFO 10300 --- [restartedMain] com.sample.demo.DemoApplication          : No active profile set, falling back to default profiles: default
2019-09-22 19:41:27.905 DEBUG 10300 --- [restartedMain] o.s.web.context.ContextLoader            : Published root WebApplicationContext as ServletContext attribute with name [org.springframework.web.context.WebApplicationContext.ROOT]
2019-09-22 19:41:27.909  INFO 10300 --- [restartedMain] o.s.web.context.ContextLoader            : Root WebApplicationContext: initialization completed in 7097 ms
2019-09-22 19:41:35.162 DEBUG 10300 --- [restartedMain] o.s.w.s.handler.SimpleUrlHandlerMapping  : Patterns [/**/favicon.ico] in 'faviconHandlerMapping'
2019-09-22 19:41:35.587 DEBUG 10300 --- [restartedMain] s.w.s.m.m.a.RequestMappingHandlerAdapter : ControllerAdvice beans: 0 @ModelAttribute, 0 @InitBinder, 1 RequestBodyAdvice, 1 ResponseBodyAdvice
2019-09-22 19:41:36.054  WARN 10300 --- [restartedMain] aWebConfiguration$JpaWebMvcConfiguration : spring.jpa.open-in-view is enabled by default. Therefore, database queries may be performed during view rendering. Explicitly configure spring.jpa.open-in-view to disable this warning
2019-09-22 19:41:36.134 DEBUG 10300 --- [restartedMain] s.w.s.m.m.a.RequestMappingHandlerMapping : 10 mappings in 'requestMappingHandlerMapping'
2019-09-22 19:41:36.170 DEBUG 10300 --- [restartedMain] o.s.w.s.handler.SimpleUrlHandlerMapping  : Patterns [/webjars/**, /**] in 'resourceHandlerMapping'
2019-09-22 19:41:36.188 DEBUG 10300 --- [restartedMain] .m.m.a.ExceptionHandlerExceptionResolver : ControllerAdvice beans: 0 @ExceptionHandler, 1 ResponseBodyAdvice
2019-09-22 19:41:36.618  INFO 10300 --- [restartedMain] com.sample.demo.DemoApplication          : Started DemoApplication in 17.97 seconds (JVM running for 19.5)
2019-09-22 19:57:00.253  INFO 10300 --- [http-nio-9090-exec-1] o.s.web.servlet.DispatcherServlet        : Initializing Servlet 'dispatcherServlet'
2019-09-22 19:57:00.253 DEBUG 10300 --- [http-nio-9090-exec-1] o.s.web.servlet.DispatcherServlet        : Detected StandardServletMultipartResolver
2019-09-22 19:57:00.269 DEBUG 10300 --- [http-nio-9090-exec-1] o.s.web.servlet.DispatcherServlet        : enableLoggingRequestDetails='false': request parameters and headers will be masked to prevent unsafe logging of potentially sensitive data
2019-09-22 19:57:00.269  INFO 10300 --- [http-nio-9090-exec-1] o.s.web.servlet.DispatcherServlet        : Completed initialization in 16 ms
2019-09-22 19:57:00.333 DEBUG 10300 --- [http-nio-9090-exec-1] o.s.web.servlet.DispatcherServlet        : GET "/employee/findAll", parameters={}
2019-09-22 19:57:00.361 DEBUG 10300 --- [http-nio-9090-exec-1] s.w.s.m.m.a.RequestMappingHandlerMapping : Mapped to public java.util.List<com.sample.demo.bean.Employee> com.sample.demo.controller.EmployeeController.findAllEmployees()
2019-09-22 19:57:00.417  INFO 10300 --- [http-nio-9090-exec-1] c.s.demo.controller.EmployeeController   : Enter into findAllEmployees method
2019-09-22 19:57:00.750 ERROR 10300 --- [http-nio-9090-exec-1] c.s.demo.controller.EmployeeController   : Eception occured in findAllEmployees

java.lang.Exception: The database is Empty
	at com.sample.demo.service.EmployeeService.findAllEmployees(EmployeeService.java:53) ~[classes/:na]
	at com.sample.demo.service.EmployeeService$$FastClassBySpringCGLIB$$22c5e39a.invoke(<generated>) ~[classes/:na]
	at org.springframework.cglib.proxy.MethodProxy.invoke(MethodProxy.java:218) ~[spring-core-5.1.9.RELEASE.jar:5.1.9.RELEASE]
	at org.springframework.aop.framework.CglibAopProxy$DynamicAdvisedInterceptor.intercept(CglibAopProxy.java:684) ~[spring-aop-5.1.9.RELEASE.jar:5.1.9.RELEASE]
	at com.sample.demo.service.EmployeeService$$EnhancerBySpringCGLIB$$75343637.findAllEmployees(<generated>) ~[classes/:na]
	at com.sample.demo.controller.EmployeeController.findAllEmployees(EmployeeController.java:42) ~[classes/:na]
	at sun.reflect.NativeMethodAccessorImpl.invoke0(Native Method) ~[na:1.8.0_152]
	at sun.reflect.NativeMethodAccessorImpl.invoke(Unknown Source) ~[na:1.8.0_152]
	at sun.reflect.DelegatingMethodAccessorImpl.invoke(Unknown Source) ~[na:1.8.0_152]
	at java.lang.reflect.Method.invoke(Unknown Source) ~[na:1.8.0_152]
	at org.springframework.web.method.support.InvocableHandlerMethod.doInvoke(InvocableHandlerMethod.java:190) [spring-web-5.1.9.RELEASE.jar:5.1.9.RELEASE]
	at org.springframework.web.method.support.InvocableHandlerMethod.invokeForRequest(InvocableHandlerMethod.java:138) [spring-web-5.1.9.RELEASE.jar:5.1.9.RELEASE]
	at org.springframework.web.servlet.mvc.method.annotation.ServletInvocableHandlerMethod.invokeAndHandle(ServletInvocableHandlerMethod.java:104) [spring-webmvc-5.1.9.RELEASE.jar:5.1.9.RELEASE]
	at org.springframework.web.servlet.mvc.method.annotation.RequestMappingHandlerAdapter.invokeHandlerMethod(RequestMappingHandlerAdapter.java:892) [spring-webmvc-5.1.9.RELEASE.jar:5.1.9.RELEASE]
	at org.springframework.web.servlet.mvc.method.annotation.RequestMappingHandlerAdapter.handleInternal(RequestMappingHandlerAdapter.java:797) [spring-webmvc-5.1.9.RELEASE.jar:5.1.9.RELEASE]
	at org.springframework.web.servlet.mvc.method.AbstractHandlerMethodAdapter.handle(AbstractHandlerMethodAdapter.java:87) [spring-webmvc-5.1.9.RELEASE.jar:5.1.9.RELEASE]
	at org.springframework.web.servlet.DispatcherServlet.doDispatch(DispatcherServlet.java:1039) [spring-webmvc-5.1.9.RELEASE.jar:5.1.9.RELEASE]
	at org.springframework.web.servlet.DispatcherServlet.doService(DispatcherServlet.java:942) [spring-webmvc-5.1.9.RELEASE.jar:5.1.9.RELEASE]
	at org.springframework.web.servlet.FrameworkServlet.processRequest(FrameworkServlet.java:1005) [spring-webmvc-5.1.9.RELEASE.jar:5.1.9.RELEASE]
	at org.springframework.web.servlet.FrameworkServlet.doGet(FrameworkServlet.java:897) [spring-webmvc-5.1.9.RELEASE.jar:5.1.9.RELEASE]
	at javax.servlet.http.HttpServlet.service(HttpServlet.java:634) [tomcat-embed-core-9.0.24.jar:9.0.24]
	at org.springframework.web.servlet.FrameworkServlet.service(FrameworkServlet.java:882) [spring-webmvc-5.1.9.RELEASE.jar:5.1.9.RELEASE]
	at javax.servlet.http.HttpServlet.service(HttpServlet.java:741) [tomcat-embed-core-9.0.24.jar:9.0.24]
	at org.apache.catalina.core.ApplicationFilterChain.internalDoFilter(ApplicationFilterChain.java:231) [tomcat-embed-core-9.0.24.jar:9.0.24]
	at org.apache.catalina.core.ApplicationFilterChain.doFilter(ApplicationFilterChain.java:166) [tomcat-embed-core-9.0.24.jar:9.0.24]
	at org.apache.tomcat.websocket.server.WsFilter.doFilter(WsFilter.java:53) [tomcat-embed-websocket-9.0.24.jar:9.0.24]
	at org.apache.catalina.core.ApplicationFilterChain.internalDoFilter(ApplicationFilterChain.java:193) [tomcat-embed-core-9.0.24.jar:9.0.24]
	at org.apache.catalina.core.ApplicationFilterChain.doFilter(ApplicationFilterChain.java:166) [tomcat-embed-core-9.0.24.jar:9.0.24]
	at org.springframework.web.filter.RequestContextFilter.doFilterInternal(RequestContextFilter.java:99) [spring-web-5.1.9.RELEASE.jar:5.1.9.RELEASE]
	at org.springframework.web.filter.OncePerRequestFilter.doFilter(OncePerRequestFilter.java:118) [spring-web-5.1.9.RELEASE.jar:5.1.9.RELEASE]
	at org.apache.catalina.core.ApplicationFilterChain.internalDoFilter(ApplicationFilterChain.java:193) [tomcat-embed-core-9.0.24.jar:9.0.24]
	at org.apache.catalina.core.ApplicationFilterChain.doFilter(ApplicationFilterChain.java:166) [tomcat-embed-core-9.0.24.jar:9.0.24]
	at org.springframework.web.filter.FormContentFilter.doFilterInternal(FormContentFilter.java:92) [spring-web-5.1.9.RELEASE.jar:5.1.9.RELEASE]
	at org.springframework.web.filter.OncePerRequestFilter.doFilter(OncePerRequestFilter.java:118) [spring-web-5.1.9.RELEASE.jar:5.1.9.RELEASE]
	at org.apache.catalina.core.ApplicationFilterChain.internalDoFilter(ApplicationFilterChain.java:193) [tomcat-embed-core-9.0.24.jar:9.0.24]
	at org.apache.catalina.core.ApplicationFilterChain.doFilter(ApplicationFilterChain.java:166) [tomcat-embed-core-9.0.24.jar:9.0.24]
	at org.springframework.web.filter.HiddenHttpMethodFilter.doFilterInternal(HiddenHttpMethodFilter.java:93) [spring-web-5.1.9.RELEASE.jar:5.1.9.RELEASE]
	at org.springframework.web.filter.OncePerRequestFilter.doFilter(OncePerRequestFilter.java:118) [spring-web-5.1.9.RELEASE.jar:5.1.9.RELEASE]
	at org.apache.catalina.core.ApplicationFilterChain.internalDoFilter(ApplicationFilterChain.java:193) [tomcat-embed-core-9.0.24.jar:9.0.24]
	at org.apache.catalina.core.ApplicationFilterChain.doFilter(ApplicationFilterChain.java:166) [tomcat-embed-core-9.0.24.jar:9.0.24]
	at org.springframework.web.filter.CharacterEncodingFilter.doFilterInternal(CharacterEncodingFilter.java:200) [spring-web-5.1.9.RELEASE.jar:5.1.9.RELEASE]
	at org.springframework.web.filter.OncePerRequestFilter.doFilter(OncePerRequestFilter.java:118) [spring-web-5.1.9.RELEASE.jar:5.1.9.RELEASE]
	at org.apache.catalina.core.ApplicationFilterChain.internalDoFilter(ApplicationFilterChain.java:193) [tomcat-embed-core-9.0.24.jar:9.0.24]
	at org.apache.catalina.core.ApplicationFilterChain.doFilter(ApplicationFilterChain.java:166) [tomcat-embed-core-9.0.24.jar:9.0.24]
	at org.apache.catalina.core.StandardWrapperValve.invoke(StandardWrapperValve.java:202) [tomcat-embed-core-9.0.24.jar:9.0.24]
	at org.apache.catalina.core.StandardContextValve.invoke(StandardContextValve.java:96) [tomcat-embed-core-9.0.24.jar:9.0.24]
	at org.apache.catalina.authenticator.AuthenticatorBase.invoke(AuthenticatorBase.java:526) [tomcat-embed-core-9.0.24.jar:9.0.24]
	at org.apache.catalina.core.StandardHostValve.invoke(StandardHostValve.java:139) [tomcat-embed-core-9.0.24.jar:9.0.24]
	at org.apache.catalina.valves.ErrorReportValve.invoke(ErrorReportValve.java:92) [tomcat-embed-core-9.0.24.jar:9.0.24]
	at org.apache.catalina.core.StandardEngineValve.invoke(StandardEngineValve.java:74) [tomcat-embed-core-9.0.24.jar:9.0.24]
	at org.apache.catalina.connector.CoyoteAdapter.service(CoyoteAdapter.java:343) [tomcat-embed-core-9.0.24.jar:9.0.24]
	at org.apache.coyote.http11.Http11Processor.service(Http11Processor.java:408) [tomcat-embed-core-9.0.24.jar:9.0.24]
	at org.apache.coyote.AbstractProcessorLight.process(AbstractProcessorLight.java:66) [tomcat-embed-core-9.0.24.jar:9.0.24]
	at org.apache.coyote.AbstractProtocol$ConnectionHandler.process(AbstractProtocol.java:860) [tomcat-embed-core-9.0.24.jar:9.0.24]
	at org.apache.tomcat.util.net.NioEndpoint$SocketProcessor.doRun(NioEndpoint.java:1587) [tomcat-embed-core-9.0.24.jar:9.0.24]
	at org.apache.tomcat.util.net.SocketProcessorBase.run(SocketProcessorBase.java:49) [tomcat-embed-core-9.0.24.jar:9.0.24]
	at java.util.concurrent.ThreadPoolExecutor.runWorker(Unknown Source) [na:1.8.0_152]
	at java.util.concurrent.ThreadPoolExecutor$Worker.run(Unknown Source) [na:1.8.0_152]
	at org.apache.tomcat.util.threads.TaskThread$WrappingRunnable.run(TaskThread.java:61) [tomcat-embed-core-9.0.24.jar:9.0.24]
	at java.lang.Thread.run(Unknown Source) [na:1.8.0_152]

2019-09-22 19:57:00.758  WARN 10300 --- [http-nio-9090-exec-1] .w.s.m.a.ResponseStatusExceptionResolver : Resolved [org.springframework.web.server.ResponseStatusException: 404 NOT_FOUND "Not Found"]
2019-09-22 19:57:00.758 DEBUG 10300 --- [http-nio-9090-exec-1] o.s.web.servlet.DispatcherServlet        : Completed 404 NOT_FOUND
2019-09-22 19:57:00.766 DEBUG 10300 --- [http-nio-9090-exec-1] o.s.web.servlet.DispatcherServlet        : "ERROR" dispatch for GET "/error", parameters={}
2019-09-22 19:57:00.794 DEBUG 10300 --- [http-nio-9090-exec-1] s.w.s.m.m.a.RequestMappingHandlerMapping : Mapped to public org.springframework.web.servlet.ModelAndView org.springframework.boot.autoconfigure.web.servlet.error.BasicErrorController.errorHtml(javax.servlet.http.HttpServletRequest,javax.servlet.http.HttpServletResponse)
2019-09-22 19:57:00.838 DEBUG 10300 --- [http-nio-9090-exec-1] o.s.w.s.v.ContentNegotiatingViewResolver : Selected 'text/html' given [text/html, text/html;q=0.8]
2019-09-22 19:57:00.858 DEBUG 10300 --- [http-nio-9090-exec-1] o.s.web.servlet.DispatcherServlet        : Exiting from "ERROR" dispatch, status 404
2019-09-22 19:57:01.114 DEBUG 10300 --- [http-nio-9090-exec-2] o.s.web.servlet.DispatcherServlet        : GET "/favicon.ico", parameters={}
2019-09-22 19:57:01.118 DEBUG 10300 --- [http-nio-9090-exec-2] o.s.w.s.handler.SimpleUrlHandlerMapping  : Mapped to ResourceHttpRequestHandler [class path resource [META-INF/resources/], class path resource [resources/], class path resource [static/], class path resource [public/], ServletContext resource [/], class path resource []]
2019-09-22 19:57:01.230 DEBUG 10300 --- [http-nio-9090-exec-2] o.s.web.servlet.DispatcherServlet        : Completed 200 OK
2019-09-22 19:57:49.921 DEBUG 10300 --- [http-nio-9090-exec-4] o.s.web.servlet.DispatcherServlet        : GET "/employee/deleteEmployee/1", parameters={}
2019-09-22 19:57:49.925  WARN 10300 --- [http-nio-9090-exec-4] .w.s.m.s.DefaultHandlerExceptionResolver : Resolved [org.springframework.web.HttpRequestMethodNotSupportedException: Request method 'GET' not supported]
2019-09-22 19:57:49.925 DEBUG 10300 --- [http-nio-9090-exec-4] o.s.web.servlet.DispatcherServlet        : Completed 405 METHOD_NOT_ALLOWED
2019-09-22 19:57:49.925 DEBUG 10300 --- [http-nio-9090-exec-4] o.s.web.servlet.DispatcherServlet        : "ERROR" dispatch for GET "/error", parameters={}
2019-09-22 19:57:49.929 DEBUG 10300 --- [http-nio-9090-exec-4] s.w.s.m.m.a.RequestMappingHandlerMapping : Mapped to public org.springframework.web.servlet.ModelAndView org.springframework.boot.autoconfigure.web.servlet.error.BasicErrorController.errorHtml(javax.servlet.http.HttpServletRequest,javax.servlet.http.HttpServletResponse)
2019-09-22 19:57:49.941 DEBUG 10300 --- [http-nio-9090-exec-4] o.s.w.s.v.ContentNegotiatingViewResolver : Selected 'text/html' given [text/html, text/html;q=0.8]
2019-09-22 19:57:49.945 DEBUG 10300 --- [http-nio-9090-exec-4] o.s.web.servlet.DispatcherServlet        : Exiting from "ERROR" dispatch, status 405
2019-09-22 20:00:25.303 DEBUG 10300 --- [http-nio-9090-exec-8] o.s.web.servlet.DispatcherServlet        : POST "/employee/finsertEmployee", parameters={}
2019-09-22 20:00:25.306 DEBUG 10300 --- [http-nio-9090-exec-8] o.s.w.s.handler.SimpleUrlHandlerMapping  : Mapped to ResourceHttpRequestHandler ["classpath:/META-INF/resources/", "classpath:/resources/", "classpath:/static/", "classpath:/public/", "/"]
2019-09-22 20:00:25.306 DEBUG 10300 --- [http-nio-9090-exec-8] o.s.w.s.r.ResourceHttpRequestHandler     : Resource not found
2019-09-22 20:00:25.306 DEBUG 10300 --- [http-nio-9090-exec-8] o.s.web.servlet.DispatcherServlet        : Completed 404 NOT_FOUND
2019-09-22 20:00:25.306 DEBUG 10300 --- [http-nio-9090-exec-8] o.s.web.servlet.DispatcherServlet        : "ERROR" dispatch for POST "/error", parameters={}
2019-09-22 20:00:25.310 DEBUG 10300 --- [http-nio-9090-exec-8] s.w.s.m.m.a.RequestMappingHandlerMapping : Mapped to public org.springframework.http.ResponseEntity<java.util.Map<java.lang.String, java.lang.Object>> org.springframework.boot.autoconfigure.web.servlet.error.BasicErrorController.error(javax.servlet.http.HttpServletRequest)
2019-09-22 20:00:25.418 DEBUG 10300 --- [http-nio-9090-exec-8] o.s.w.s.m.m.a.HttpEntityMethodProcessor  : Using 'application/json', given [*/*] and supported [application/json, application/*+json, application/json, application/*+json]
2019-09-22 20:00:25.418 DEBUG 10300 --- [http-nio-9090-exec-8] o.s.w.s.m.m.a.HttpEntityMethodProcessor  : Writing [{timestamp=Sun Sep 22 20:00:25 CDT 2019, status=404, error=Not Found, message=No message available,  (truncated)...]
2019-09-22 20:00:25.542 DEBUG 10300 --- [http-nio-9090-exec-8] o.s.web.servlet.DispatcherServlet        : Exiting from "ERROR" dispatch, status 404
2019-09-22 20:00:42.470  INFO 1976 --- [restartedMain] com.sample.demo.DemoApplication          : Starting DemoApplication on DESKTOP-TRRJ5GD with PID 1976 (C:\Users\Dell-pc\Desktop\demo\demo\target\classes started by Dell-pc in C:\Users\Dell-pc\Desktop\demo\demo)
2019-09-22 20:00:42.474 DEBUG 1976 --- [restartedMain] com.sample.demo.DemoApplication          : Running with Spring Boot v2.1.8.RELEASE, Spring v5.1.9.RELEASE
2019-09-22 20:00:42.474  INFO 1976 --- [restartedMain] com.sample.demo.DemoApplication          : No active profile set, falling back to default profiles: default
2019-09-22 20:00:46.062 DEBUG 1976 --- [restartedMain] o.s.web.context.ContextLoader            : Published root WebApplicationContext as ServletContext attribute with name [org.springframework.web.context.WebApplicationContext.ROOT]
2019-09-22 20:00:46.065  INFO 1976 --- [restartedMain] o.s.web.context.ContextLoader            : Root WebApplicationContext: initialization completed in 3291 ms
2019-09-22 20:00:49.702 DEBUG 1976 --- [restartedMain] o.s.w.s.handler.SimpleUrlHandlerMapping  : Patterns [/**/favicon.ico] in 'faviconHandlerMapping'
2019-09-22 20:00:49.968 DEBUG 1976 --- [restartedMain] s.w.s.m.m.a.RequestMappingHandlerAdapter : ControllerAdvice beans: 0 @ModelAttribute, 0 @InitBinder, 1 RequestBodyAdvice, 1 ResponseBodyAdvice
2019-09-22 20:00:50.300  WARN 1976 --- [restartedMain] aWebConfiguration$JpaWebMvcConfiguration : spring.jpa.open-in-view is enabled by default. Therefore, database queries may be performed during view rendering. Explicitly configure spring.jpa.open-in-view to disable this warning
2019-09-22 20:00:50.360 DEBUG 1976 --- [restartedMain] s.w.s.m.m.a.RequestMappingHandlerMapping : 10 mappings in 'requestMappingHandlerMapping'
2019-09-22 20:00:50.400 DEBUG 1976 --- [restartedMain] o.s.w.s.handler.SimpleUrlHandlerMapping  : Patterns [/webjars/**, /**] in 'resourceHandlerMapping'
2019-09-22 20:00:50.410 DEBUG 1976 --- [restartedMain] .m.m.a.ExceptionHandlerExceptionResolver : ControllerAdvice beans: 0 @ExceptionHandler, 1 ResponseBodyAdvice
2019-09-22 20:00:50.701  INFO 1976 --- [restartedMain] com.sample.demo.DemoApplication          : Started DemoApplication in 8.891 seconds (JVM running for 9.524)
2019-09-22 20:01:10.534  INFO 1976 --- [http-nio-9090-exec-1] o.s.web.servlet.DispatcherServlet        : Initializing Servlet 'dispatcherServlet'
2019-09-22 20:01:10.534 DEBUG 1976 --- [http-nio-9090-exec-1] o.s.web.servlet.DispatcherServlet        : Detected StandardServletMultipartResolver
2019-09-22 20:01:10.550 DEBUG 1976 --- [http-nio-9090-exec-1] o.s.web.servlet.DispatcherServlet        : enableLoggingRequestDetails='false': request parameters and headers will be masked to prevent unsafe logging of potentially sensitive data
2019-09-22 20:01:10.554  INFO 1976 --- [http-nio-9090-exec-1] o.s.web.servlet.DispatcherServlet        : Completed initialization in 20 ms
2019-09-22 20:01:10.586 DEBUG 1976 --- [http-nio-9090-exec-1] o.s.web.servlet.DispatcherServlet        : POST "/employee/insertEmployee", parameters={}
2019-09-22 20:01:10.606 DEBUG 1976 --- [http-nio-9090-exec-1] s.w.s.m.m.a.RequestMappingHandlerMapping : Mapped to public boolean com.sample.demo.controller.EmployeeController.insertEmployee(com.sample.demo.bean.Employee)
2019-09-22 20:01:10.846 DEBUG 1976 --- [http-nio-9090-exec-1] m.m.a.RequestResponseBodyMethodProcessor : Read "application/json;charset=UTF-8" to [com.sample.demo.bean.Employee@1f67e331]
2019-09-22 20:01:10.894  INFO 1976 --- [http-nio-9090-exec-1] c.s.demo.controller.EmployeeController   : Enter into insertEmployee method
2019-09-22 20:01:11.518  INFO 1976 --- [http-nio-9090-exec-1] c.s.demo.controller.EmployeeController   : Exit from insertEmployee method
2019-09-22 20:01:11.526 DEBUG 1976 --- [http-nio-9090-exec-1] m.m.a.RequestResponseBodyMethodProcessor : Using 'application/json', given [*/*] and supported [application/json, application/*+json, application/json, application/*+json]
2019-09-22 20:01:11.526 DEBUG 1976 --- [http-nio-9090-exec-1] m.m.a.RequestResponseBodyMethodProcessor : Writing [true]
2019-09-22 20:01:11.550 DEBUG 1976 --- [http-nio-9090-exec-1] o.s.web.servlet.DispatcherServlet        : Completed 200 OK
2019-09-22 20:01:22.786 DEBUG 1976 --- [http-nio-9090-exec-3] o.s.web.servlet.DispatcherServlet        : GET "/employee/findAll", parameters={}
2019-09-22 20:01:22.790 DEBUG 1976 --- [http-nio-9090-exec-3] s.w.s.m.m.a.RequestMappingHandlerMapping : Mapped to public java.util.List<com.sample.demo.bean.Employee> com.sample.demo.controller.EmployeeController.findAllEmployees()
2019-09-22 20:01:22.790  INFO 1976 --- [http-nio-9090-exec-3] c.s.demo.controller.EmployeeController   : Enter into findAllEmployees method
2019-09-22 20:01:22.831  INFO 1976 --- [http-nio-9090-exec-3] c.s.demo.controller.EmployeeController   : Exit from findAllEmployees method 1
2019-09-22 20:01:22.843 DEBUG 1976 --- [http-nio-9090-exec-3] m.m.a.RequestResponseBodyMethodProcessor : Using 'application/json;q=0.8', given [text/html, application/xhtml+xml, image/webp, image/apng, application/signed-exchange;v=b3, application/xml;q=0.9, */*;q=0.8] and supported [application/json, application/*+json, application/json, application/*+json]
2019-09-22 20:01:22.843 DEBUG 1976 --- [http-nio-9090-exec-3] m.m.a.RequestResponseBodyMethodProcessor : Writing [[com.sample.demo.bean.Employee@6cd9d251]]
2019-09-22 20:01:22.875 DEBUG 1976 --- [http-nio-9090-exec-3] o.s.web.servlet.DispatcherServlet        : Completed 200 OK
2019-09-22 20:02:00.165 DEBUG 1976 --- [http-nio-9090-exec-4] o.s.web.servlet.DispatcherServlet        : POST "/employee/insertEmployee", parameters={}
2019-09-22 20:02:00.165 DEBUG 1976 --- [http-nio-9090-exec-4] s.w.s.m.m.a.RequestMappingHandlerMapping : Mapped to public boolean com.sample.demo.controller.EmployeeController.insertEmployee(com.sample.demo.bean.Employee)
2019-09-22 20:02:00.170 DEBUG 1976 --- [http-nio-9090-exec-4] m.m.a.RequestResponseBodyMethodProcessor : Read "application/json;charset=UTF-8" to [com.sample.demo.bean.Employee@3435a78f]
2019-09-22 20:02:00.171  INFO 1976 --- [http-nio-9090-exec-4] c.s.demo.controller.EmployeeController   : Enter into insertEmployee method
2019-09-22 20:02:00.187 ERROR 1976 --- [http-nio-9090-exec-4] c.s.demo.controller.EmployeeController   : Eception occured in insertEmployee

java.lang.Exception: User Id 1 already exist
	at com.sample.demo.service.EmployeeService.insertEmployee(EmployeeService.java:85) ~[classes/:na]
	at com.sample.demo.service.EmployeeService$$FastClassBySpringCGLIB$$22c5e39a.invoke(<generated>) ~[classes/:na]
	at org.springframework.cglib.proxy.MethodProxy.invoke(MethodProxy.java:218) ~[spring-core-5.1.9.RELEASE.jar:5.1.9.RELEASE]
	at org.springframework.aop.framework.CglibAopProxy$CglibMethodInvocation.invokeJoinpoint(CglibAopProxy.java:749) ~[spring-aop-5.1.9.RELEASE.jar:5.1.9.RELEASE]
	at org.springframework.aop.framework.ReflectiveMethodInvocation.proceed(ReflectiveMethodInvocation.java:163) ~[spring-aop-5.1.9.RELEASE.jar:5.1.9.RELEASE]
	at org.springframework.transaction.interceptor.TransactionAspectSupport.invokeWithinTransaction(TransactionAspectSupport.java:295) ~[spring-tx-5.1.9.RELEASE.jar:5.1.9.RELEASE]
	at org.springframework.transaction.interceptor.TransactionInterceptor.invoke(TransactionInterceptor.java:98) ~[spring-tx-5.1.9.RELEASE.jar:5.1.9.RELEASE]
	at org.springframework.aop.framework.ReflectiveMethodInvocation.proceed(ReflectiveMethodInvocation.java:186) ~[spring-aop-5.1.9.RELEASE.jar:5.1.9.RELEASE]
	at org.springframework.aop.framework.CglibAopProxy$DynamicAdvisedInterceptor.intercept(CglibAopProxy.java:688) ~[spring-aop-5.1.9.RELEASE.jar:5.1.9.RELEASE]
	at com.sample.demo.service.EmployeeService$$EnhancerBySpringCGLIB$$47073c54.insertEmployee(<generated>) ~[classes/:na]
	at com.sample.demo.controller.EmployeeController.insertEmployee(EmployeeController.java:143) ~[classes/:na]
	at sun.reflect.NativeMethodAccessorImpl.invoke0(Native Method) ~[na:1.8.0_152]
	at sun.reflect.NativeMethodAccessorImpl.invoke(Unknown Source) ~[na:1.8.0_152]
	at sun.reflect.DelegatingMethodAccessorImpl.invoke(Unknown Source) ~[na:1.8.0_152]
	at java.lang.reflect.Method.invoke(Unknown Source) ~[na:1.8.0_152]
	at org.springframework.web.method.support.InvocableHandlerMethod.doInvoke(InvocableHandlerMethod.java:190) [spring-web-5.1.9.RELEASE.jar:5.1.9.RELEASE]
	at org.springframework.web.method.support.InvocableHandlerMethod.invokeForRequest(InvocableHandlerMethod.java:138) [spring-web-5.1.9.RELEASE.jar:5.1.9.RELEASE]
	at org.springframework.web.servlet.mvc.method.annotation.ServletInvocableHandlerMethod.invokeAndHandle(ServletInvocableHandlerMethod.java:104) [spring-webmvc-5.1.9.RELEASE.jar:5.1.9.RELEASE]
	at org.springframework.web.servlet.mvc.method.annotation.RequestMappingHandlerAdapter.invokeHandlerMethod(RequestMappingHandlerAdapter.java:892) [spring-webmvc-5.1.9.RELEASE.jar:5.1.9.RELEASE]
	at org.springframework.web.servlet.mvc.method.annotation.RequestMappingHandlerAdapter.handleInternal(RequestMappingHandlerAdapter.java:797) [spring-webmvc-5.1.9.RELEASE.jar:5.1.9.RELEASE]
	at org.springframework.web.servlet.mvc.method.AbstractHandlerMethodAdapter.handle(AbstractHandlerMethodAdapter.java:87) [spring-webmvc-5.1.9.RELEASE.jar:5.1.9.RELEASE]
	at org.springframework.web.servlet.DispatcherServlet.doDispatch(DispatcherServlet.java:1039) [spring-webmvc-5.1.9.RELEASE.jar:5.1.9.RELEASE]
	at org.springframework.web.servlet.DispatcherServlet.doService(DispatcherServlet.java:942) [spring-webmvc-5.1.9.RELEASE.jar:5.1.9.RELEASE]
	at org.springframework.web.servlet.FrameworkServlet.processRequest(FrameworkServlet.java:1005) [spring-webmvc-5.1.9.RELEASE.jar:5.1.9.RELEASE]
	at org.springframework.web.servlet.FrameworkServlet.doPost(FrameworkServlet.java:908) [spring-webmvc-5.1.9.RELEASE.jar:5.1.9.RELEASE]
	at javax.servlet.http.HttpServlet.service(HttpServlet.java:660) [tomcat-embed-core-9.0.24.jar:9.0.24]
	at org.springframework.web.servlet.FrameworkServlet.service(FrameworkServlet.java:882) [spring-webmvc-5.1.9.RELEASE.jar:5.1.9.RELEASE]
	at javax.servlet.http.HttpServlet.service(HttpServlet.java:741) [tomcat-embed-core-9.0.24.jar:9.0.24]
	at org.apache.catalina.core.ApplicationFilterChain.internalDoFilter(ApplicationFilterChain.java:231) [tomcat-embed-core-9.0.24.jar:9.0.24]
	at org.apache.catalina.core.ApplicationFilterChain.doFilter(ApplicationFilterChain.java:166) [tomcat-embed-core-9.0.24.jar:9.0.24]
	at org.apache.tomcat.websocket.server.WsFilter.doFilter(WsFilter.java:53) [tomcat-embed-websocket-9.0.24.jar:9.0.24]
	at org.apache.catalina.core.ApplicationFilterChain.internalDoFilter(ApplicationFilterChain.java:193) [tomcat-embed-core-9.0.24.jar:9.0.24]
	at org.apache.catalina.core.ApplicationFilterChain.doFilter(ApplicationFilterChain.java:166) [tomcat-embed-core-9.0.24.jar:9.0.24]
	at org.springframework.web.filter.RequestContextFilter.doFilterInternal(RequestContextFilter.java:99) [spring-web-5.1.9.RELEASE.jar:5.1.9.RELEASE]
	at org.springframework.web.filter.OncePerRequestFilter.doFilter(OncePerRequestFilter.java:118) [spring-web-5.1.9.RELEASE.jar:5.1.9.RELEASE]
	at org.apache.catalina.core.ApplicationFilterChain.internalDoFilter(ApplicationFilterChain.java:193) [tomcat-embed-core-9.0.24.jar:9.0.24]
	at org.apache.catalina.core.ApplicationFilterChain.doFilter(ApplicationFilterChain.java:166) [tomcat-embed-core-9.0.24.jar:9.0.24]
	at org.springframework.web.filter.FormContentFilter.doFilterInternal(FormContentFilter.java:92) [spring-web-5.1.9.RELEASE.jar:5.1.9.RELEASE]
	at org.springframework.web.filter.OncePerRequestFilter.doFilter(OncePerRequestFilter.java:118) [spring-web-5.1.9.RELEASE.jar:5.1.9.RELEASE]
	at org.apache.catalina.core.ApplicationFilterChain.internalDoFilter(ApplicationFilterChain.java:193) [tomcat-embed-core-9.0.24.jar:9.0.24]
	at org.apache.catalina.core.ApplicationFilterChain.doFilter(ApplicationFilterChain.java:166) [tomcat-embed-core-9.0.24.jar:9.0.24]
	at org.springframework.web.filter.HiddenHttpMethodFilter.doFilterInternal(HiddenHttpMethodFilter.java:93) [spring-web-5.1.9.RELEASE.jar:5.1.9.RELEASE]
	at org.springframework.web.filter.OncePerRequestFilter.doFilter(OncePerRequestFilter.java:118) [spring-web-5.1.9.RELEASE.jar:5.1.9.RELEASE]
	at org.apache.catalina.core.ApplicationFilterChain.internalDoFilter(ApplicationFilterChain.java:193) [tomcat-embed-core-9.0.24.jar:9.0.24]
	at org.apache.catalina.core.ApplicationFilterChain.doFilter(ApplicationFilterChain.java:166) [tomcat-embed-core-9.0.24.jar:9.0.24]
	at org.springframework.web.filter.CharacterEncodingFilter.doFilterInternal(CharacterEncodingFilter.java:200) [spring-web-5.1.9.RELEASE.jar:5.1.9.RELEASE]
	at org.springframework.web.filter.OncePerRequestFilter.doFilter(OncePerRequestFilter.java:118) [spring-web-5.1.9.RELEASE.jar:5.1.9.RELEASE]
	at org.apache.catalina.core.ApplicationFilterChain.internalDoFilter(ApplicationFilterChain.java:193) [tomcat-embed-core-9.0.24.jar:9.0.24]
	at org.apache.catalina.core.ApplicationFilterChain.doFilter(ApplicationFilterChain.java:166) [tomcat-embed-core-9.0.24.jar:9.0.24]
	at org.apache.catalina.core.StandardWrapperValve.invoke(StandardWrapperValve.java:202) [tomcat-embed-core-9.0.24.jar:9.0.24]
	at org.apache.catalina.core.StandardContextValve.invoke(StandardContextValve.java:96) [tomcat-embed-core-9.0.24.jar:9.0.24]
	at org.apache.catalina.authenticator.AuthenticatorBase.invoke(AuthenticatorBase.java:526) [tomcat-embed-core-9.0.24.jar:9.0.24]
	at org.apache.catalina.core.StandardHostValve.invoke(StandardHostValve.java:139) [tomcat-embed-core-9.0.24.jar:9.0.24]
	at org.apache.catalina.valves.ErrorReportValve.invoke(ErrorReportValve.java:92) [tomcat-embed-core-9.0.24.jar:9.0.24]
	at org.apache.catalina.core.StandardEngineValve.invoke(StandardEngineValve.java:74) [tomcat-embed-core-9.0.24.jar:9.0.24]
	at org.apache.catalina.connector.CoyoteAdapter.service(CoyoteAdapter.java:343) [tomcat-embed-core-9.0.24.jar:9.0.24]
	at org.apache.coyote.http11.Http11Processor.service(Http11Processor.java:408) [tomcat-embed-core-9.0.24.jar:9.0.24]
	at org.apache.coyote.AbstractProcessorLight.process(AbstractProcessorLight.java:66) [tomcat-embed-core-9.0.24.jar:9.0.24]
	at org.apache.coyote.AbstractProtocol$ConnectionHandler.process(AbstractProtocol.java:860) [tomcat-embed-core-9.0.24.jar:9.0.24]
	at org.apache.tomcat.util.net.NioEndpoint$SocketProcessor.doRun(NioEndpoint.java:1587) [tomcat-embed-core-9.0.24.jar:9.0.24]
	at org.apache.tomcat.util.net.SocketProcessorBase.run(SocketProcessorBase.java:49) [tomcat-embed-core-9.0.24.jar:9.0.24]
	at java.util.concurrent.ThreadPoolExecutor.runWorker(Unknown Source) [na:1.8.0_152]
	at java.util.concurrent.ThreadPoolExecutor$Worker.run(Unknown Source) [na:1.8.0_152]
	at org.apache.tomcat.util.threads.TaskThread$WrappingRunnable.run(TaskThread.java:61) [tomcat-embed-core-9.0.24.jar:9.0.24]
	at java.lang.Thread.run(Unknown Source) [na:1.8.0_152]

2019-09-22 20:02:00.191  WARN 1976 --- [http-nio-9090-exec-4] .w.s.m.a.ResponseStatusExceptionResolver : Resolved [org.springframework.web.server.ResponseStatusException: 404 NOT_FOUND "UserID Not Found"]
2019-09-22 20:02:00.195 DEBUG 1976 --- [http-nio-9090-exec-4] o.s.web.servlet.DispatcherServlet        : Completed 404 NOT_FOUND
2019-09-22 20:02:00.203 DEBUG 1976 --- [http-nio-9090-exec-4] o.s.web.servlet.DispatcherServlet        : "ERROR" dispatch for POST "/error", parameters={}
2019-09-22 20:02:00.207 DEBUG 1976 --- [http-nio-9090-exec-4] s.w.s.m.m.a.RequestMappingHandlerMapping : Mapped to public org.springframework.http.ResponseEntity<java.util.Map<java.lang.String, java.lang.Object>> org.springframework.boot.autoconfigure.web.servlet.error.BasicErrorController.error(javax.servlet.http.HttpServletRequest)
2019-09-22 20:02:00.223 DEBUG 1976 --- [http-nio-9090-exec-4] o.s.w.s.m.m.a.HttpEntityMethodProcessor  : Using 'application/json', given [*/*] and supported [application/json, application/*+json, application/json, application/*+json]
2019-09-22 20:02:00.223 DEBUG 1976 --- [http-nio-9090-exec-4] o.s.w.s.m.m.a.HttpEntityMethodProcessor  : Writing [{timestamp=Sun Sep 22 20:02:00 CDT 2019, status=404, error=Not Found, message=UserID Not Found, trac (truncated)...]
2019-09-22 20:02:00.303 DEBUG 1976 --- [http-nio-9090-exec-4] o.s.web.servlet.DispatcherServlet        : Exiting from "ERROR" dispatch, status 404
2019-09-22 20:02:40.576  INFO 1976 --- [restartedMain] com.sample.demo.DemoApplication          : Starting DemoApplication on DESKTOP-TRRJ5GD with PID 1976 (C:\Users\Dell-pc\Desktop\demo\demo\target\classes started by Dell-pc in C:\Users\Dell-pc\Desktop\demo\demo)
2019-09-22 20:02:40.576 DEBUG 1976 --- [restartedMain] com.sample.demo.DemoApplication          : Running with Spring Boot v2.1.8.RELEASE, Spring v5.1.9.RELEASE
2019-09-22 20:02:40.580  INFO 1976 --- [restartedMain] com.sample.demo.DemoApplication          : No active profile set, falling back to default profiles: default
2019-09-22 20:02:41.409 DEBUG 1976 --- [restartedMain] o.s.web.context.ContextLoader            : Published root WebApplicationContext as ServletContext attribute with name [org.springframework.web.context.WebApplicationContext.ROOT]
2019-09-22 20:02:41.409  INFO 1976 --- [restartedMain] o.s.web.context.ContextLoader            : Root WebApplicationContext: initialization completed in 821 ms
2019-09-22 20:02:41.819 DEBUG 1976 --- [restartedMain] o.s.w.s.handler.SimpleUrlHandlerMapping  : Patterns [/**/favicon.ico] in 'faviconHandlerMapping'
2019-09-22 20:02:41.940 DEBUG 1976 --- [restartedMain] s.w.s.m.m.a.RequestMappingHandlerAdapter : ControllerAdvice beans: 0 @ModelAttribute, 0 @InitBinder, 1 RequestBodyAdvice, 1 ResponseBodyAdvice
2019-09-22 20:02:41.951  WARN 1976 --- [restartedMain] aWebConfiguration$JpaWebMvcConfiguration : spring.jpa.open-in-view is enabled by default. Therefore, database queries may be performed during view rendering. Explicitly configure spring.jpa.open-in-view to disable this warning
2019-09-22 20:02:41.967 DEBUG 1976 --- [restartedMain] s.w.s.m.m.a.RequestMappingHandlerMapping : 10 mappings in 'requestMappingHandlerMapping'
2019-09-22 20:02:41.983 DEBUG 1976 --- [restartedMain] o.s.w.s.handler.SimpleUrlHandlerMapping  : Patterns [/webjars/**, /**] in 'resourceHandlerMapping'
2019-09-22 20:02:41.993 DEBUG 1976 --- [restartedMain] .m.m.a.ExceptionHandlerExceptionResolver : ControllerAdvice beans: 0 @ExceptionHandler, 1 ResponseBodyAdvice
2019-09-22 20:02:42.111  INFO 1976 --- [restartedMain] com.sample.demo.DemoApplication          : Started DemoApplication in 1.633 seconds (JVM running for 120.934)
2019-09-22 20:02:45.684  INFO 1976 --- [http-nio-9090-exec-9] o.s.web.servlet.DispatcherServlet        : Initializing Servlet 'dispatcherServlet'
2019-09-22 20:02:45.686 DEBUG 1976 --- [http-nio-9090-exec-9] o.s.web.servlet.DispatcherServlet        : Detected StandardServletMultipartResolver
2019-09-22 20:02:45.696 DEBUG 1976 --- [http-nio-9090-exec-9] o.s.web.servlet.DispatcherServlet        : enableLoggingRequestDetails='false': request parameters and headers will be masked to prevent unsafe logging of potentially sensitive data
2019-09-22 20:02:45.696  INFO 1976 --- [http-nio-9090-exec-9] o.s.web.servlet.DispatcherServlet        : Completed initialization in 10 ms
2019-09-22 20:02:45.696 DEBUG 1976 --- [http-nio-9090-exec-9] o.s.web.servlet.DispatcherServlet        : POST "/employee/insertEmployee", parameters={}
2019-09-22 20:02:45.696 DEBUG 1976 --- [http-nio-9090-exec-9] s.w.s.m.m.a.RequestMappingHandlerMapping : Mapped to public boolean com.sample.demo.controller.EmployeeController.insertEmployee(com.sample.demo.bean.Employee)
2019-09-22 20:02:45.704 DEBUG 1976 --- [http-nio-9090-exec-9] m.m.a.RequestResponseBodyMethodProcessor : Read "application/json;charset=UTF-8" to [com.sample.demo.bean.Employee@710afaa4]
2019-09-22 20:02:45.704  INFO 1976 --- [http-nio-9090-exec-9] c.s.demo.controller.EmployeeController   : Enter into insertEmployee method
2019-09-22 20:02:45.745 ERROR 1976 --- [http-nio-9090-exec-9] c.s.demo.controller.EmployeeController   : Eception occured in insertEmployee

java.lang.Exception: User Id 1 already exist
	at com.sample.demo.service.EmployeeService.insertEmployee(EmployeeService.java:85) ~[classes/:na]
	at com.sample.demo.service.EmployeeService$$FastClassBySpringCGLIB$$22c5e39a.invoke(<generated>) ~[classes/:na]
	at org.springframework.cglib.proxy.MethodProxy.invoke(MethodProxy.java:218) ~[spring-core-5.1.9.RELEASE.jar:5.1.9.RELEASE]
	at org.springframework.aop.framework.CglibAopProxy$CglibMethodInvocation.invokeJoinpoint(CglibAopProxy.java:749) ~[spring-aop-5.1.9.RELEASE.jar:5.1.9.RELEASE]
	at org.springframework.aop.framework.ReflectiveMethodInvocation.proceed(ReflectiveMethodInvocation.java:163) ~[spring-aop-5.1.9.RELEASE.jar:5.1.9.RELEASE]
	at org.springframework.transaction.interceptor.TransactionAspectSupport.invokeWithinTransaction(TransactionAspectSupport.java:295) ~[spring-tx-5.1.9.RELEASE.jar:5.1.9.RELEASE]
	at org.springframework.transaction.interceptor.TransactionInterceptor.invoke(TransactionInterceptor.java:98) ~[spring-tx-5.1.9.RELEASE.jar:5.1.9.RELEASE]
	at org.springframework.aop.framework.ReflectiveMethodInvocation.proceed(ReflectiveMethodInvocation.java:186) ~[spring-aop-5.1.9.RELEASE.jar:5.1.9.RELEASE]
	at org.springframework.aop.framework.CglibAopProxy$DynamicAdvisedInterceptor.intercept(CglibAopProxy.java:688) ~[spring-aop-5.1.9.RELEASE.jar:5.1.9.RELEASE]
	at com.sample.demo.service.EmployeeService$$EnhancerBySpringCGLIB$$47073c54.insertEmployee(<generated>) ~[classes/:na]
	at com.sample.demo.controller.EmployeeController.insertEmployee(EmployeeController.java:143) ~[classes/:na]
	at sun.reflect.NativeMethodAccessorImpl.invoke0(Native Method) ~[na:1.8.0_152]
	at sun.reflect.NativeMethodAccessorImpl.invoke(Unknown Source) ~[na:1.8.0_152]
	at sun.reflect.DelegatingMethodAccessorImpl.invoke(Unknown Source) ~[na:1.8.0_152]
	at java.lang.reflect.Method.invoke(Unknown Source) ~[na:1.8.0_152]
	at org.springframework.web.method.support.InvocableHandlerMethod.doInvoke(InvocableHandlerMethod.java:190) [spring-web-5.1.9.RELEASE.jar:5.1.9.RELEASE]
	at org.springframework.web.method.support.InvocableHandlerMethod.invokeForRequest(InvocableHandlerMethod.java:138) [spring-web-5.1.9.RELEASE.jar:5.1.9.RELEASE]
	at org.springframework.web.servlet.mvc.method.annotation.ServletInvocableHandlerMethod.invokeAndHandle(ServletInvocableHandlerMethod.java:104) [spring-webmvc-5.1.9.RELEASE.jar:5.1.9.RELEASE]
	at org.springframework.web.servlet.mvc.method.annotation.RequestMappingHandlerAdapter.invokeHandlerMethod(RequestMappingHandlerAdapter.java:892) [spring-webmvc-5.1.9.RELEASE.jar:5.1.9.RELEASE]
	at org.springframework.web.servlet.mvc.method.annotation.RequestMappingHandlerAdapter.handleInternal(RequestMappingHandlerAdapter.java:797) [spring-webmvc-5.1.9.RELEASE.jar:5.1.9.RELEASE]
	at org.springframework.web.servlet.mvc.method.AbstractHandlerMethodAdapter.handle(AbstractHandlerMethodAdapter.java:87) [spring-webmvc-5.1.9.RELEASE.jar:5.1.9.RELEASE]
	at org.springframework.web.servlet.DispatcherServlet.doDispatch(DispatcherServlet.java:1039) [spring-webmvc-5.1.9.RELEASE.jar:5.1.9.RELEASE]
	at org.springframework.web.servlet.DispatcherServlet.doService(DispatcherServlet.java:942) [spring-webmvc-5.1.9.RELEASE.jar:5.1.9.RELEASE]
	at org.springframework.web.servlet.FrameworkServlet.processRequest(FrameworkServlet.java:1005) [spring-webmvc-5.1.9.RELEASE.jar:5.1.9.RELEASE]
	at org.springframework.web.servlet.FrameworkServlet.doPost(FrameworkServlet.java:908) [spring-webmvc-5.1.9.RELEASE.jar:5.1.9.RELEASE]
	at javax.servlet.http.HttpServlet.service(HttpServlet.java:660) [tomcat-embed-core-9.0.24.jar:9.0.24]
	at org.springframework.web.servlet.FrameworkServlet.service(FrameworkServlet.java:882) [spring-webmvc-5.1.9.RELEASE.jar:5.1.9.RELEASE]
	at javax.servlet.http.HttpServlet.service(HttpServlet.java:741) [tomcat-embed-core-9.0.24.jar:9.0.24]
	at org.apache.catalina.core.ApplicationFilterChain.internalDoFilter(ApplicationFilterChain.java:231) [tomcat-embed-core-9.0.24.jar:9.0.24]
	at org.apache.catalina.core.ApplicationFilterChain.doFilter(ApplicationFilterChain.java:166) [tomcat-embed-core-9.0.24.jar:9.0.24]
	at org.apache.tomcat.websocket.server.WsFilter.doFilter(WsFilter.java:53) [tomcat-embed-websocket-9.0.24.jar:9.0.24]
	at org.apache.catalina.core.ApplicationFilterChain.internalDoFilter(ApplicationFilterChain.java:193) [tomcat-embed-core-9.0.24.jar:9.0.24]
	at org.apache.catalina.core.ApplicationFilterChain.doFilter(ApplicationFilterChain.java:166) [tomcat-embed-core-9.0.24.jar:9.0.24]
	at org.springframework.web.filter.RequestContextFilter.doFilterInternal(RequestContextFilter.java:99) [spring-web-5.1.9.RELEASE.jar:5.1.9.RELEASE]
	at org.springframework.web.filter.OncePerRequestFilter.doFilter(OncePerRequestFilter.java:118) [spring-web-5.1.9.RELEASE.jar:5.1.9.RELEASE]
	at org.apache.catalina.core.ApplicationFilterChain.internalDoFilter(ApplicationFilterChain.java:193) [tomcat-embed-core-9.0.24.jar:9.0.24]
	at org.apache.catalina.core.ApplicationFilterChain.doFilter(ApplicationFilterChain.java:166) [tomcat-embed-core-9.0.24.jar:9.0.24]
	at org.springframework.web.filter.FormContentFilter.doFilterInternal(FormContentFilter.java:92) [spring-web-5.1.9.RELEASE.jar:5.1.9.RELEASE]
	at org.springframework.web.filter.OncePerRequestFilter.doFilter(OncePerRequestFilter.java:118) [spring-web-5.1.9.RELEASE.jar:5.1.9.RELEASE]
	at org.apache.catalina.core.ApplicationFilterChain.internalDoFilter(ApplicationFilterChain.java:193) [tomcat-embed-core-9.0.24.jar:9.0.24]
	at org.apache.catalina.core.ApplicationFilterChain.doFilter(ApplicationFilterChain.java:166) [tomcat-embed-core-9.0.24.jar:9.0.24]
	at org.springframework.web.filter.HiddenHttpMethodFilter.doFilterInternal(HiddenHttpMethodFilter.java:93) [spring-web-5.1.9.RELEASE.jar:5.1.9.RELEASE]
	at org.springframework.web.filter.OncePerRequestFilter.doFilter(OncePerRequestFilter.java:118) [spring-web-5.1.9.RELEASE.jar:5.1.9.RELEASE]
	at org.apache.catalina.core.ApplicationFilterChain.internalDoFilter(ApplicationFilterChain.java:193) [tomcat-embed-core-9.0.24.jar:9.0.24]
	at org.apache.catalina.core.ApplicationFilterChain.doFilter(ApplicationFilterChain.java:166) [tomcat-embed-core-9.0.24.jar:9.0.24]
	at org.springframework.web.filter.CharacterEncodingFilter.doFilterInternal(CharacterEncodingFilter.java:200) [spring-web-5.1.9.RELEASE.jar:5.1.9.RELEASE]
	at org.springframework.web.filter.OncePerRequestFilter.doFilter(OncePerRequestFilter.java:118) [spring-web-5.1.9.RELEASE.jar:5.1.9.RELEASE]
	at org.apache.catalina.core.ApplicationFilterChain.internalDoFilter(ApplicationFilterChain.java:193) [tomcat-embed-core-9.0.24.jar:9.0.24]
	at org.apache.catalina.core.ApplicationFilterChain.doFilter(ApplicationFilterChain.java:166) [tomcat-embed-core-9.0.24.jar:9.0.24]
	at org.apache.catalina.core.StandardWrapperValve.invoke(StandardWrapperValve.java:202) [tomcat-embed-core-9.0.24.jar:9.0.24]
	at org.apache.catalina.core.StandardContextValve.invoke(StandardContextValve.java:96) [tomcat-embed-core-9.0.24.jar:9.0.24]
	at org.apache.catalina.authenticator.AuthenticatorBase.invoke(AuthenticatorBase.java:526) [tomcat-embed-core-9.0.24.jar:9.0.24]
	at org.apache.catalina.core.StandardHostValve.invoke(StandardHostValve.java:139) [tomcat-embed-core-9.0.24.jar:9.0.24]
	at org.apache.catalina.valves.ErrorReportValve.invoke(ErrorReportValve.java:92) [tomcat-embed-core-9.0.24.jar:9.0.24]
	at org.apache.catalina.core.StandardEngineValve.invoke(StandardEngineValve.java:74) [tomcat-embed-core-9.0.24.jar:9.0.24]
	at org.apache.catalina.connector.CoyoteAdapter.service(CoyoteAdapter.java:343) [tomcat-embed-core-9.0.24.jar:9.0.24]
	at org.apache.coyote.http11.Http11Processor.service(Http11Processor.java:408) [tomcat-embed-core-9.0.24.jar:9.0.24]
	at org.apache.coyote.AbstractProcessorLight.process(AbstractProcessorLight.java:66) [tomcat-embed-core-9.0.24.jar:9.0.24]
	at org.apache.coyote.AbstractProtocol$ConnectionHandler.process(AbstractProtocol.java:860) [tomcat-embed-core-9.0.24.jar:9.0.24]
	at org.apache.tomcat.util.net.NioEndpoint$SocketProcessor.doRun(NioEndpoint.java:1587) [tomcat-embed-core-9.0.24.jar:9.0.24]
	at org.apache.tomcat.util.net.SocketProcessorBase.run(SocketProcessorBase.java:49) [tomcat-embed-core-9.0.24.jar:9.0.24]
	at java.util.concurrent.ThreadPoolExecutor.runWorker(Unknown Source) [na:1.8.0_152]
	at java.util.concurrent.ThreadPoolExecutor$Worker.run(Unknown Source) [na:1.8.0_152]
	at org.apache.tomcat.util.threads.TaskThread$WrappingRunnable.run(TaskThread.java:61) [tomcat-embed-core-9.0.24.jar:9.0.24]
	at java.lang.Thread.run(Unknown Source) [na:1.8.0_152]

2019-09-22 20:02:45.746  WARN 1976 --- [http-nio-9090-exec-9] .w.s.m.a.ResponseStatusExceptionResolver : Resolved [org.springframework.web.server.ResponseStatusException: 404 NOT_FOUND "UserID Already Exist"]
2019-09-22 20:02:45.747 DEBUG 1976 --- [http-nio-9090-exec-9] o.s.web.servlet.DispatcherServlet        : Completed 404 NOT_FOUND
2019-09-22 20:02:45.748 DEBUG 1976 --- [http-nio-9090-exec-9] o.s.web.servlet.DispatcherServlet        : "ERROR" dispatch for POST "/error", parameters={}
2019-09-22 20:02:45.749 DEBUG 1976 --- [http-nio-9090-exec-9] s.w.s.m.m.a.RequestMappingHandlerMapping : Mapped to public org.springframework.http.ResponseEntity<java.util.Map<java.lang.String, java.lang.Object>> org.springframework.boot.autoconfigure.web.servlet.error.BasicErrorController.error(javax.servlet.http.HttpServletRequest)
2019-09-22 20:02:45.752 DEBUG 1976 --- [http-nio-9090-exec-9] o.s.w.s.m.m.a.HttpEntityMethodProcessor  : Using 'application/json', given [*/*] and supported [application/json, application/*+json, application/json, application/*+json]
2019-09-22 20:02:45.753 DEBUG 1976 --- [http-nio-9090-exec-9] o.s.w.s.m.m.a.HttpEntityMethodProcessor  : Writing [{timestamp=Sun Sep 22 20:02:45 CDT 2019, status=404, error=Not Found, message=UserID Already Exist,  (truncated)...]
2019-09-22 20:02:45.760 DEBUG 1976 --- [http-nio-9090-exec-9] o.s.web.servlet.DispatcherServlet        : Exiting from "ERROR" dispatch, status 404
2019-09-22 20:04:33.981  INFO 1976 --- [restartedMain] com.sample.demo.DemoApplication          : Starting DemoApplication on DESKTOP-TRRJ5GD with PID 1976 (C:\Users\Dell-pc\Desktop\demo\demo\target\classes started by Dell-pc in C:\Users\Dell-pc\Desktop\demo\demo)
2019-09-22 20:04:33.981 DEBUG 1976 --- [restartedMain] com.sample.demo.DemoApplication          : Running with Spring Boot v2.1.8.RELEASE, Spring v5.1.9.RELEASE
2019-09-22 20:04:33.981  INFO 1976 --- [restartedMain] com.sample.demo.DemoApplication          : No active profile set, falling back to default profiles: default
2019-09-22 20:04:34.726 DEBUG 1976 --- [restartedMain] o.s.web.context.ContextLoader            : Published root WebApplicationContext as ServletContext attribute with name [org.springframework.web.context.WebApplicationContext.ROOT]
2019-09-22 20:04:34.726  INFO 1976 --- [restartedMain] o.s.web.context.ContextLoader            : Root WebApplicationContext: initialization completed in 738 ms
2019-09-22 20:04:35.105 DEBUG 1976 --- [restartedMain] o.s.w.s.handler.SimpleUrlHandlerMapping  : Patterns [/**/favicon.ico] in 'faviconHandlerMapping'
2019-09-22 20:04:35.210 DEBUG 1976 --- [restartedMain] s.w.s.m.m.a.RequestMappingHandlerAdapter : ControllerAdvice beans: 0 @ModelAttribute, 0 @InitBinder, 1 RequestBodyAdvice, 1 ResponseBodyAdvice
2019-09-22 20:04:35.216  WARN 1976 --- [restartedMain] aWebConfiguration$JpaWebMvcConfiguration : spring.jpa.open-in-view is enabled by default. Therefore, database queries may be performed during view rendering. Explicitly configure spring.jpa.open-in-view to disable this warning
2019-09-22 20:04:35.230 DEBUG 1976 --- [restartedMain] s.w.s.m.m.a.RequestMappingHandlerMapping : 10 mappings in 'requestMappingHandlerMapping'
2019-09-22 20:04:35.244 DEBUG 1976 --- [restartedMain] o.s.w.s.handler.SimpleUrlHandlerMapping  : Patterns [/webjars/**, /**] in 'resourceHandlerMapping'
2019-09-22 20:04:35.253 DEBUG 1976 --- [restartedMain] .m.m.a.ExceptionHandlerExceptionResolver : ControllerAdvice beans: 0 @ExceptionHandler, 1 ResponseBodyAdvice
2019-09-22 20:04:35.329  INFO 1976 --- [restartedMain] com.sample.demo.DemoApplication          : Started DemoApplication in 1.41 seconds (JVM running for 234.154)
2019-09-22 20:04:54.906  INFO 1976 --- [http-nio-9090-exec-2] o.s.web.servlet.DispatcherServlet        : Initializing Servlet 'dispatcherServlet'
2019-09-22 20:04:54.907 DEBUG 1976 --- [http-nio-9090-exec-2] o.s.web.servlet.DispatcherServlet        : Detected StandardServletMultipartResolver
2019-09-22 20:04:54.916 DEBUG 1976 --- [http-nio-9090-exec-2] o.s.web.servlet.DispatcherServlet        : enableLoggingRequestDetails='false': request parameters and headers will be masked to prevent unsafe logging of potentially sensitive data
2019-09-22 20:04:54.916  INFO 1976 --- [http-nio-9090-exec-2] o.s.web.servlet.DispatcherServlet        : Completed initialization in 9 ms
2019-09-22 20:04:54.916 DEBUG 1976 --- [http-nio-9090-exec-2] o.s.web.servlet.DispatcherServlet        : POST "/employee/insertEmployee", parameters={}
2019-09-22 20:04:54.916 DEBUG 1976 --- [http-nio-9090-exec-2] s.w.s.m.m.a.RequestMappingHandlerMapping : Mapped to public boolean com.sample.demo.controller.EmployeeController.insertEmployee(com.sample.demo.bean.Employee)
2019-09-22 20:04:54.924 DEBUG 1976 --- [http-nio-9090-exec-2] m.m.a.RequestResponseBodyMethodProcessor : Read "application/json;charset=UTF-8" to [com.sample.demo.bean.Employee@5e372318]
2019-09-22 20:04:54.924  INFO 1976 --- [http-nio-9090-exec-2] c.s.demo.controller.EmployeeController   : Enter into insertEmployee method
2019-09-22 20:04:54.969 ERROR 1976 --- [http-nio-9090-exec-2] c.s.demo.controller.EmployeeController   : Eception occured in insertEmployee

java.lang.Exception: User Id 1 already exist
	at com.sample.demo.service.EmployeeService.insertEmployee(EmployeeService.java:85) ~[classes/:na]
	at com.sample.demo.service.EmployeeService$$FastClassBySpringCGLIB$$22c5e39a.invoke(<generated>) ~[classes/:na]
	at org.springframework.cglib.proxy.MethodProxy.invoke(MethodProxy.java:218) ~[spring-core-5.1.9.RELEASE.jar:5.1.9.RELEASE]
	at org.springframework.aop.framework.CglibAopProxy$CglibMethodInvocation.invokeJoinpoint(CglibAopProxy.java:749) ~[spring-aop-5.1.9.RELEASE.jar:5.1.9.RELEASE]
	at org.springframework.aop.framework.ReflectiveMethodInvocation.proceed(ReflectiveMethodInvocation.java:163) ~[spring-aop-5.1.9.RELEASE.jar:5.1.9.RELEASE]
	at org.springframework.transaction.interceptor.TransactionAspectSupport.invokeWithinTransaction(TransactionAspectSupport.java:295) ~[spring-tx-5.1.9.RELEASE.jar:5.1.9.RELEASE]
	at org.springframework.transaction.interceptor.TransactionInterceptor.invoke(TransactionInterceptor.java:98) ~[spring-tx-5.1.9.RELEASE.jar:5.1.9.RELEASE]
	at org.springframework.aop.framework.ReflectiveMethodInvocation.proceed(ReflectiveMethodInvocation.java:186) ~[spring-aop-5.1.9.RELEASE.jar:5.1.9.RELEASE]
	at org.springframework.aop.framework.CglibAopProxy$DynamicAdvisedInterceptor.intercept(CglibAopProxy.java:688) ~[spring-aop-5.1.9.RELEASE.jar:5.1.9.RELEASE]
	at com.sample.demo.service.EmployeeService$$EnhancerBySpringCGLIB$$47073c54.insertEmployee(<generated>) ~[classes/:na]
	at com.sample.demo.controller.EmployeeController.insertEmployee(EmployeeController.java:143) ~[classes/:na]
	at sun.reflect.NativeMethodAccessorImpl.invoke0(Native Method) ~[na:1.8.0_152]
	at sun.reflect.NativeMethodAccessorImpl.invoke(Unknown Source) ~[na:1.8.0_152]
	at sun.reflect.DelegatingMethodAccessorImpl.invoke(Unknown Source) ~[na:1.8.0_152]
	at java.lang.reflect.Method.invoke(Unknown Source) ~[na:1.8.0_152]
	at org.springframework.web.method.support.InvocableHandlerMethod.doInvoke(InvocableHandlerMethod.java:190) [spring-web-5.1.9.RELEASE.jar:5.1.9.RELEASE]
	at org.springframework.web.method.support.InvocableHandlerMethod.invokeForRequest(InvocableHandlerMethod.java:138) [spring-web-5.1.9.RELEASE.jar:5.1.9.RELEASE]
	at org.springframework.web.servlet.mvc.method.annotation.ServletInvocableHandlerMethod.invokeAndHandle(ServletInvocableHandlerMethod.java:104) [spring-webmvc-5.1.9.RELEASE.jar:5.1.9.RELEASE]
	at org.springframework.web.servlet.mvc.method.annotation.RequestMappingHandlerAdapter.invokeHandlerMethod(RequestMappingHandlerAdapter.java:892) [spring-webmvc-5.1.9.RELEASE.jar:5.1.9.RELEASE]
	at org.springframework.web.servlet.mvc.method.annotation.RequestMappingHandlerAdapter.handleInternal(RequestMappingHandlerAdapter.java:797) [spring-webmvc-5.1.9.RELEASE.jar:5.1.9.RELEASE]
	at org.springframework.web.servlet.mvc.method.AbstractHandlerMethodAdapter.handle(AbstractHandlerMethodAdapter.java:87) [spring-webmvc-5.1.9.RELEASE.jar:5.1.9.RELEASE]
	at org.springframework.web.servlet.DispatcherServlet.doDispatch(DispatcherServlet.java:1039) [spring-webmvc-5.1.9.RELEASE.jar:5.1.9.RELEASE]
	at org.springframework.web.servlet.DispatcherServlet.doService(DispatcherServlet.java:942) [spring-webmvc-5.1.9.RELEASE.jar:5.1.9.RELEASE]
	at org.springframework.web.servlet.FrameworkServlet.processRequest(FrameworkServlet.java:1005) [spring-webmvc-5.1.9.RELEASE.jar:5.1.9.RELEASE]
	at org.springframework.web.servlet.FrameworkServlet.doPost(FrameworkServlet.java:908) [spring-webmvc-5.1.9.RELEASE.jar:5.1.9.RELEASE]
	at javax.servlet.http.HttpServlet.service(HttpServlet.java:660) [tomcat-embed-core-9.0.24.jar:9.0.24]
	at org.springframework.web.servlet.FrameworkServlet.service(FrameworkServlet.java:882) [spring-webmvc-5.1.9.RELEASE.jar:5.1.9.RELEASE]
	at javax.servlet.http.HttpServlet.service(HttpServlet.java:741) [tomcat-embed-core-9.0.24.jar:9.0.24]
	at org.apache.catalina.core.ApplicationFilterChain.internalDoFilter(ApplicationFilterChain.java:231) [tomcat-embed-core-9.0.24.jar:9.0.24]
	at org.apache.catalina.core.ApplicationFilterChain.doFilter(ApplicationFilterChain.java:166) [tomcat-embed-core-9.0.24.jar:9.0.24]
	at org.apache.tomcat.websocket.server.WsFilter.doFilter(WsFilter.java:53) [tomcat-embed-websocket-9.0.24.jar:9.0.24]
	at org.apache.catalina.core.ApplicationFilterChain.internalDoFilter(ApplicationFilterChain.java:193) [tomcat-embed-core-9.0.24.jar:9.0.24]
	at org.apache.catalina.core.ApplicationFilterChain.doFilter(ApplicationFilterChain.java:166) [tomcat-embed-core-9.0.24.jar:9.0.24]
	at org.springframework.web.filter.RequestContextFilter.doFilterInternal(RequestContextFilter.java:99) [spring-web-5.1.9.RELEASE.jar:5.1.9.RELEASE]
	at org.springframework.web.filter.OncePerRequestFilter.doFilter(OncePerRequestFilter.java:118) [spring-web-5.1.9.RELEASE.jar:5.1.9.RELEASE]
	at org.apache.catalina.core.ApplicationFilterChain.internalDoFilter(ApplicationFilterChain.java:193) [tomcat-embed-core-9.0.24.jar:9.0.24]
	at org.apache.catalina.core.ApplicationFilterChain.doFilter(ApplicationFilterChain.java:166) [tomcat-embed-core-9.0.24.jar:9.0.24]
	at org.springframework.web.filter.FormContentFilter.doFilterInternal(FormContentFilter.java:92) [spring-web-5.1.9.RELEASE.jar:5.1.9.RELEASE]
	at org.springframework.web.filter.OncePerRequestFilter.doFilter(OncePerRequestFilter.java:118) [spring-web-5.1.9.RELEASE.jar:5.1.9.RELEASE]
	at org.apache.catalina.core.ApplicationFilterChain.internalDoFilter(ApplicationFilterChain.java:193) [tomcat-embed-core-9.0.24.jar:9.0.24]
	at org.apache.catalina.core.ApplicationFilterChain.doFilter(ApplicationFilterChain.java:166) [tomcat-embed-core-9.0.24.jar:9.0.24]
	at org.springframework.web.filter.HiddenHttpMethodFilter.doFilterInternal(HiddenHttpMethodFilter.java:93) [spring-web-5.1.9.RELEASE.jar:5.1.9.RELEASE]
	at org.springframework.web.filter.OncePerRequestFilter.doFilter(OncePerRequestFilter.java:118) [spring-web-5.1.9.RELEASE.jar:5.1.9.RELEASE]
	at org.apache.catalina.core.ApplicationFilterChain.internalDoFilter(ApplicationFilterChain.java:193) [tomcat-embed-core-9.0.24.jar:9.0.24]
	at org.apache.catalina.core.ApplicationFilterChain.doFilter(ApplicationFilterChain.java:166) [tomcat-embed-core-9.0.24.jar:9.0.24]
	at org.springframework.web.filter.CharacterEncodingFilter.doFilterInternal(CharacterEncodingFilter.java:200) [spring-web-5.1.9.RELEASE.jar:5.1.9.RELEASE]
	at org.springframework.web.filter.OncePerRequestFilter.doFilter(OncePerRequestFilter.java:118) [spring-web-5.1.9.RELEASE.jar:5.1.9.RELEASE]
	at org.apache.catalina.core.ApplicationFilterChain.internalDoFilter(ApplicationFilterChain.java:193) [tomcat-embed-core-9.0.24.jar:9.0.24]
	at org.apache.catalina.core.ApplicationFilterChain.doFilter(ApplicationFilterChain.java:166) [tomcat-embed-core-9.0.24.jar:9.0.24]
	at org.apache.catalina.core.StandardWrapperValve.invoke(StandardWrapperValve.java:202) [tomcat-embed-core-9.0.24.jar:9.0.24]
	at org.apache.catalina.core.StandardContextValve.invoke(StandardContextValve.java:96) [tomcat-embed-core-9.0.24.jar:9.0.24]
	at org.apache.catalina.authenticator.AuthenticatorBase.invoke(AuthenticatorBase.java:526) [tomcat-embed-core-9.0.24.jar:9.0.24]
	at org.apache.catalina.core.StandardHostValve.invoke(StandardHostValve.java:139) [tomcat-embed-core-9.0.24.jar:9.0.24]
	at org.apache.catalina.valves.ErrorReportValve.invoke(ErrorReportValve.java:92) [tomcat-embed-core-9.0.24.jar:9.0.24]
	at org.apache.catalina.core.StandardEngineValve.invoke(StandardEngineValve.java:74) [tomcat-embed-core-9.0.24.jar:9.0.24]
	at org.apache.catalina.connector.CoyoteAdapter.service(CoyoteAdapter.java:343) [tomcat-embed-core-9.0.24.jar:9.0.24]
	at org.apache.coyote.http11.Http11Processor.service(Http11Processor.java:408) [tomcat-embed-core-9.0.24.jar:9.0.24]
	at org.apache.coyote.AbstractProcessorLight.process(AbstractProcessorLight.java:66) [tomcat-embed-core-9.0.24.jar:9.0.24]
	at org.apache.coyote.AbstractProtocol$ConnectionHandler.process(AbstractProtocol.java:860) [tomcat-embed-core-9.0.24.jar:9.0.24]
	at org.apache.tomcat.util.net.NioEndpoint$SocketProcessor.doRun(NioEndpoint.java:1587) [tomcat-embed-core-9.0.24.jar:9.0.24]
	at org.apache.tomcat.util.net.SocketProcessorBase.run(SocketProcessorBase.java:49) [tomcat-embed-core-9.0.24.jar:9.0.24]
	at java.util.concurrent.ThreadPoolExecutor.runWorker(Unknown Source) [na:1.8.0_152]
	at java.util.concurrent.ThreadPoolExecutor$Worker.run(Unknown Source) [na:1.8.0_152]
	at org.apache.tomcat.util.threads.TaskThread$WrappingRunnable.run(TaskThread.java:61) [tomcat-embed-core-9.0.24.jar:9.0.24]
	at java.lang.Thread.run(Unknown Source) [na:1.8.0_152]

2019-09-22 20:04:54.970  WARN 1976 --- [http-nio-9090-exec-2] .w.s.m.a.ResponseStatusExceptionResolver : Resolved [org.springframework.web.server.ResponseStatusException: 409 CONFLICT "UserID Already Exist"]
2019-09-22 20:04:54.971 DEBUG 1976 --- [http-nio-9090-exec-2] o.s.web.servlet.DispatcherServlet        : Completed 409 CONFLICT
2019-09-22 20:04:54.973 DEBUG 1976 --- [http-nio-9090-exec-2] o.s.web.servlet.DispatcherServlet        : "ERROR" dispatch for POST "/error", parameters={}
2019-09-22 20:04:54.974 DEBUG 1976 --- [http-nio-9090-exec-2] s.w.s.m.m.a.RequestMappingHandlerMapping : Mapped to public org.springframework.http.ResponseEntity<java.util.Map<java.lang.String, java.lang.Object>> org.springframework.boot.autoconfigure.web.servlet.error.BasicErrorController.error(javax.servlet.http.HttpServletRequest)
2019-09-22 20:04:54.977 DEBUG 1976 --- [http-nio-9090-exec-2] o.s.w.s.m.m.a.HttpEntityMethodProcessor  : Using 'application/json', given [*/*] and supported [application/json, application/*+json, application/json, application/*+json]
2019-09-22 20:04:54.978 DEBUG 1976 --- [http-nio-9090-exec-2] o.s.w.s.m.m.a.HttpEntityMethodProcessor  : Writing [{timestamp=Sun Sep 22 20:04:54 CDT 2019, status=409, error=Conflict, message=UserID Already Exist, t (truncated)...]
2019-09-22 20:04:54.983 DEBUG 1976 --- [http-nio-9090-exec-2] o.s.web.servlet.DispatcherServlet        : Exiting from "ERROR" dispatch, status 409
2019-09-22 20:05:07.575 DEBUG 1976 --- [http-nio-9090-exec-3] o.s.web.servlet.DispatcherServlet        : GET "/employee/findAll", parameters={}
2019-09-22 20:05:07.576 DEBUG 1976 --- [http-nio-9090-exec-3] s.w.s.m.m.a.RequestMappingHandlerMapping : Mapped to public java.util.List<com.sample.demo.bean.Employee> com.sample.demo.controller.EmployeeController.findAllEmployees()
2019-09-22 20:05:07.577  INFO 1976 --- [http-nio-9090-exec-3] c.s.demo.controller.EmployeeController   : Enter into findAllEmployees method
2019-09-22 20:05:07.586  INFO 1976 --- [http-nio-9090-exec-3] c.s.demo.controller.EmployeeController   : Exit from findAllEmployees method 1
2019-09-22 20:05:07.590 DEBUG 1976 --- [http-nio-9090-exec-3] m.m.a.RequestResponseBodyMethodProcessor : Using 'application/json;q=0.8', given [text/html, application/xhtml+xml, image/webp, image/apng, application/signed-exchange;v=b3, application/xml;q=0.9, */*;q=0.8] and supported [application/json, application/*+json, application/json, application/*+json]
2019-09-22 20:05:07.590 DEBUG 1976 --- [http-nio-9090-exec-3] m.m.a.RequestResponseBodyMethodProcessor : Writing [[com.sample.demo.bean.Employee@54549df8]]
2019-09-22 20:05:07.594 DEBUG 1976 --- [http-nio-9090-exec-3] o.s.web.servlet.DispatcherServlet        : Completed 200 OK
2019-09-22 20:05:31.847 DEBUG 1976 --- [http-nio-9090-exec-4] o.s.web.servlet.DispatcherServlet        : POST "/employee/insertEmployee", parameters={}
2019-09-22 20:05:31.847 DEBUG 1976 --- [http-nio-9090-exec-4] s.w.s.m.m.a.RequestMappingHandlerMapping : Mapped to public boolean com.sample.demo.controller.EmployeeController.insertEmployee(com.sample.demo.bean.Employee)
2019-09-22 20:05:31.853 DEBUG 1976 --- [http-nio-9090-exec-4] m.m.a.RequestResponseBodyMethodProcessor : Read "application/json;charset=UTF-8" to [com.sample.demo.bean.Employee@4f9b19e3]
2019-09-22 20:05:31.853  INFO 1976 --- [http-nio-9090-exec-4] c.s.demo.controller.EmployeeController   : Enter into insertEmployee method
2019-09-22 20:05:32.165  INFO 1976 --- [http-nio-9090-exec-4] c.s.demo.controller.EmployeeController   : Exit from insertEmployee method
2019-09-22 20:05:32.165 DEBUG 1976 --- [http-nio-9090-exec-4] m.m.a.RequestResponseBodyMethodProcessor : Using 'application/json', given [*/*] and supported [application/json, application/*+json, application/json, application/*+json]
2019-09-22 20:05:32.165 DEBUG 1976 --- [http-nio-9090-exec-4] m.m.a.RequestResponseBodyMethodProcessor : Writing [true]
2019-09-22 20:05:32.169 DEBUG 1976 --- [http-nio-9090-exec-4] o.s.web.servlet.DispatcherServlet        : Completed 200 OK
2019-09-22 20:05:49.664 DEBUG 1976 --- [http-nio-9090-exec-5] o.s.web.servlet.DispatcherServlet        : DELETE "/employee/deleteEmployee/2", parameters={}
2019-09-22 20:05:49.666 DEBUG 1976 --- [http-nio-9090-exec-5] s.w.s.m.m.a.RequestMappingHandlerMapping : Mapped to public boolean com.sample.demo.controller.EmployeeController.deleteEmployee(java.lang.String)
2019-09-22 20:05:49.667  INFO 1976 --- [http-nio-9090-exec-5] c.s.demo.controller.EmployeeController   : Enter into deleteEmployee method
2019-09-22 20:05:49.927 DEBUG 1976 --- [http-nio-9090-exec-5] m.m.a.RequestResponseBodyMethodProcessor : Using 'application/json', given [*/*] and supported [application/json, application/*+json, application/json, application/*+json]
2019-09-22 20:05:49.927 DEBUG 1976 --- [http-nio-9090-exec-5] m.m.a.RequestResponseBodyMethodProcessor : Writing [true]
2019-09-22 20:05:49.927 DEBUG 1976 --- [http-nio-9090-exec-5] o.s.web.servlet.DispatcherServlet        : Completed 200 OK
2019-09-22 20:06:43.417 DEBUG 1976 --- [http-nio-9090-exec-8] o.s.web.servlet.DispatcherServlet        : POST "/employee/insertEmployee", parameters={}
2019-09-22 20:06:43.419 DEBUG 1976 --- [http-nio-9090-exec-8] s.w.s.m.m.a.RequestMappingHandlerMapping : Mapped to public boolean com.sample.demo.controller.EmployeeController.insertEmployee(com.sample.demo.bean.Employee)
2019-09-22 20:06:43.420 DEBUG 1976 --- [http-nio-9090-exec-8] m.m.a.RequestResponseBodyMethodProcessor : Read "application/json;charset=UTF-8" to [com.sample.demo.bean.Employee@6ccdee1f]
2019-09-22 20:06:43.421  INFO 1976 --- [http-nio-9090-exec-8] c.s.demo.controller.EmployeeController   : Enter into insertEmployee method
2019-09-22 20:06:43.661  INFO 1976 --- [http-nio-9090-exec-8] c.s.demo.controller.EmployeeController   : Exit from insertEmployee method
2019-09-22 20:06:43.661 DEBUG 1976 --- [http-nio-9090-exec-8] m.m.a.RequestResponseBodyMethodProcessor : Using 'application/json', given [*/*] and supported [application/json, application/*+json, application/json, application/*+json]
2019-09-22 20:06:43.661 DEBUG 1976 --- [http-nio-9090-exec-8] m.m.a.RequestResponseBodyMethodProcessor : Writing [true]
2019-09-22 20:06:43.664 DEBUG 1976 --- [http-nio-9090-exec-8] o.s.web.servlet.DispatcherServlet        : Completed 200 OK
2019-09-22 20:06:59.310 DEBUG 1976 --- [http-nio-9090-exec-9] o.s.web.servlet.DispatcherServlet        : GET "/employee/findAll", parameters={}
2019-09-22 20:06:59.310 DEBUG 1976 --- [http-nio-9090-exec-9] s.w.s.m.m.a.RequestMappingHandlerMapping : Mapped to public java.util.List<com.sample.demo.bean.Employee> com.sample.demo.controller.EmployeeController.findAllEmployees()
2019-09-22 20:06:59.310  INFO 1976 --- [http-nio-9090-exec-9] c.s.demo.controller.EmployeeController   : Enter into findAllEmployees method
2019-09-22 20:06:59.318  INFO 1976 --- [http-nio-9090-exec-9] c.s.demo.controller.EmployeeController   : Exit from findAllEmployees method 2
2019-09-22 20:06:59.322 DEBUG 1976 --- [http-nio-9090-exec-9] m.m.a.RequestResponseBodyMethodProcessor : Using 'application/json;q=0.8', given [text/html, application/xhtml+xml, image/webp, image/apng, application/signed-exchange;v=b3, application/xml;q=0.9, */*;q=0.8] and supported [application/json, application/*+json, application/json, application/*+json]
2019-09-22 20:06:59.322 DEBUG 1976 --- [http-nio-9090-exec-9] m.m.a.RequestResponseBodyMethodProcessor : Writing [[com.sample.demo.bean.Employee@1fa825a4, com.sample.demo.bean.Employee@59e3c857]]
2019-09-22 20:06:59.322 DEBUG 1976 --- [http-nio-9090-exec-9] o.s.web.servlet.DispatcherServlet        : Completed 200 OK
2019-09-22 20:08:05.189 DEBUG 1976 --- [http-nio-9090-exec-4] o.s.web.servlet.DispatcherServlet        : DELETE "/employee/deleteEmployee/2", parameters={}
2019-09-22 20:08:05.189 DEBUG 1976 --- [http-nio-9090-exec-4] s.w.s.m.m.a.RequestMappingHandlerMapping : Mapped to public boolean com.sample.demo.controller.EmployeeController.deleteEmployee(java.lang.String)
2019-09-22 20:08:05.189  INFO 1976 --- [http-nio-9090-exec-4] c.s.demo.controller.EmployeeController   : Enter into deleteEmployee method
2019-09-22 20:08:05.410 DEBUG 1976 --- [http-nio-9090-exec-4] m.m.a.RequestResponseBodyMethodProcessor : Using 'application/json', given [*/*] and supported [application/json, application/*+json, application/json, application/*+json]
2019-09-22 20:08:05.411 DEBUG 1976 --- [http-nio-9090-exec-4] m.m.a.RequestResponseBodyMethodProcessor : Writing [true]
2019-09-22 20:08:05.412 DEBUG 1976 --- [http-nio-9090-exec-4] o.s.web.servlet.DispatcherServlet        : Completed 200 OK
2019-09-22 20:08:42.656  INFO 1976 --- [restartedMain] com.sample.demo.DemoApplication          : Starting DemoApplication on DESKTOP-TRRJ5GD with PID 1976 (C:\Users\Dell-pc\Desktop\demo\demo\target\classes started by Dell-pc in C:\Users\Dell-pc\Desktop\demo\demo)
2019-09-22 20:08:42.656 DEBUG 1976 --- [restartedMain] com.sample.demo.DemoApplication          : Running with Spring Boot v2.1.8.RELEASE, Spring v5.1.9.RELEASE
2019-09-22 20:08:42.662  INFO 1976 --- [restartedMain] com.sample.demo.DemoApplication          : No active profile set, falling back to default profiles: default
2019-09-22 20:08:43.287 DEBUG 1976 --- [restartedMain] o.s.web.context.ContextLoader            : Published root WebApplicationContext as ServletContext attribute with name [org.springframework.web.context.WebApplicationContext.ROOT]
2019-09-22 20:08:43.289  INFO 1976 --- [restartedMain] o.s.web.context.ContextLoader            : Root WebApplicationContext: initialization completed in 625 ms
2019-09-22 20:08:43.626 DEBUG 1976 --- [restartedMain] o.s.w.s.handler.SimpleUrlHandlerMapping  : Patterns [/**/favicon.ico] in 'faviconHandlerMapping'
2019-09-22 20:08:43.715 DEBUG 1976 --- [restartedMain] s.w.s.m.m.a.RequestMappingHandlerAdapter : ControllerAdvice beans: 0 @ModelAttribute, 0 @InitBinder, 1 RequestBodyAdvice, 1 ResponseBodyAdvice
2019-09-22 20:08:43.719  WARN 1976 --- [restartedMain] aWebConfiguration$JpaWebMvcConfiguration : spring.jpa.open-in-view is enabled by default. Therefore, database queries may be performed during view rendering. Explicitly configure spring.jpa.open-in-view to disable this warning
2019-09-22 20:08:43.737 DEBUG 1976 --- [restartedMain] s.w.s.m.m.a.RequestMappingHandlerMapping : 10 mappings in 'requestMappingHandlerMapping'
2019-09-22 20:08:43.753 DEBUG 1976 --- [restartedMain] o.s.w.s.handler.SimpleUrlHandlerMapping  : Patterns [/webjars/**, /**] in 'resourceHandlerMapping'
2019-09-22 20:08:43.761 DEBUG 1976 --- [restartedMain] .m.m.a.ExceptionHandlerExceptionResolver : ControllerAdvice beans: 0 @ExceptionHandler, 1 ResponseBodyAdvice
2019-09-22 20:08:43.853  INFO 1976 --- [restartedMain] com.sample.demo.DemoApplication          : Started DemoApplication in 1.234 seconds (JVM running for 482.678)
2019-09-22 20:08:52.857  INFO 1976 --- [http-nio-9090-exec-1] o.s.web.servlet.DispatcherServlet        : Initializing Servlet 'dispatcherServlet'
2019-09-22 20:08:52.860 DEBUG 1976 --- [http-nio-9090-exec-1] o.s.web.servlet.DispatcherServlet        : Detected StandardServletMultipartResolver
2019-09-22 20:08:52.862 DEBUG 1976 --- [http-nio-9090-exec-1] o.s.web.servlet.DispatcherServlet        : enableLoggingRequestDetails='false': request parameters and headers will be masked to prevent unsafe logging of potentially sensitive data
2019-09-22 20:08:52.862  INFO 1976 --- [http-nio-9090-exec-1] o.s.web.servlet.DispatcherServlet        : Completed initialization in 2 ms
2019-09-22 20:08:52.866 DEBUG 1976 --- [http-nio-9090-exec-1] o.s.web.servlet.DispatcherServlet        : GET "/employee/findAll", parameters={}
2019-09-22 20:08:52.866 DEBUG 1976 --- [http-nio-9090-exec-1] s.w.s.m.m.a.RequestMappingHandlerMapping : Mapped to public java.util.List<com.sample.demo.bean.Employee> com.sample.demo.controller.EmployeeController.findAllEmployees()
2019-09-22 20:08:52.870  INFO 1976 --- [http-nio-9090-exec-1] c.s.demo.controller.EmployeeController   : Enter into findAllEmployees method
2019-09-22 20:08:52.914  INFO 1976 --- [http-nio-9090-exec-1] c.s.demo.controller.EmployeeController   : Exit from findAllEmployees method 1
2019-09-22 20:08:52.918 DEBUG 1976 --- [http-nio-9090-exec-1] m.m.a.RequestResponseBodyMethodProcessor : Using 'application/json;q=0.8', given [text/html, application/xhtml+xml, image/webp, image/apng, application/signed-exchange;v=b3, application/xml;q=0.9, */*;q=0.8] and supported [application/json, application/*+json, application/json, application/*+json]
2019-09-22 20:08:52.918 DEBUG 1976 --- [http-nio-9090-exec-1] m.m.a.RequestResponseBodyMethodProcessor : Writing [[com.sample.demo.bean.Employee@69d3fb62]]
2019-09-22 20:08:52.926 DEBUG 1976 --- [http-nio-9090-exec-1] o.s.web.servlet.DispatcherServlet        : Completed 200 OK
